<?xml version="1.0" encoding="UTF-8"?>
<!-- Generated by org.testng.reporters.JUnitReportReporter -->
<testsuite skipped="0" hostname="Vigneshs-MacBook-Air-3.local" name="com.inetbanking.testCases.TC_LoginTest_001" tests="1" failures="0" timestamp="2020-09-14T00:22:03 IST" time="0.820" errors="0">
  <testcase name="loginTest" time="0.820" classname="com.inetbanking.testCases.TC_LoginTest_001"/>
  <system-out/>
</testsuite> <!-- com.inetbanking.testCases.TC_LoginTest_001 -->
