<?xml version="1.0" encoding="UTF-8"?>
<!-- Generated by org.testng.reporters.JUnitReportReporter -->
<testsuite skipped="1" hostname="Vigneshs-MacBook-Air-3.local" name="testNG.SkipTestCase$PriorityTestCase" tests="6" failures="0" timestamp="2020-09-14T21:45:21 IST" time="0.036" errors="0">
  <testcase name="putSecondGear" time="0.019" classname="testNG.SkipTestCase$PriorityTestCase"/>
  <testcase name="startTheCar" time="0.003" classname="testNG.SkipTestCase$PriorityTestCase"/>
  <testcase name="putFirstGear" time="0.002" classname="testNG.SkipTestCase$PriorityTestCase"/>
  <testcase name="putThirdGear" time="0.010" classname="testNG.SkipTestCase$PriorityTestCase"/>
  <testcase name="putFourthGear" time="0.002" classname="testNG.SkipTestCase$PriorityTestCase"/>
  <testcase name="musicTurnedON" classname="testNG.SkipTestCase$PriorityTestCase">
    <skipped/>
  </testcase> <!-- musicTurnedON -->
</testsuite> <!-- testNG.SkipTestCase$PriorityTestCase -->
