<?xml version="1.0" encoding="UTF-8"?>
<!-- Generated by org.testng.reporters.JUnitReportReporter -->
<testsuite skipped="0" hostname="Vigneshs-MacBook-Air-3.local" name="SeleniumInterviewQuestions.TimeOuts" tests="1" failures="0" timestamp="2020-09-15T19:41:48 IST" time="2.025" errors="1">
  <testcase name="Testcase" time="2.025" classname="SeleniumInterviewQuestions.TimeOuts">
    <error type="org.testng.internal.thread.ThreadTimeoutException" message="Method SeleniumInterviewQuestions.TimeOuts.Testcase() didn&#039;t finish within the time-out 2000">
      <![CDATA[org.testng.internal.thread.ThreadTimeoutException: Method SeleniumInterviewQuestions.TimeOuts.Testcase() didn't finish within the time-out 2000
at org.testng.internal.BaseTestMethod.incrementCurrentInvocationCount(BaseTestMethod.java:580)
at org.testng.internal.InvokeMethodRunnable.runOne(InvokeMethodRunnable.java:64)
at org.testng.internal.InvokeMethodRunnable.run(InvokeMethodRunnable.java:41)
at java.util.concurrent.Executors$RunnableAdapter.call(Executors.java:511)
at java.util.concurrent.FutureTask.run(FutureTask.java:266)
at java.util.concurrent.ThreadPoolExecutor.runWorker(ThreadPoolExecutor.java:1149)
at java.util.concurrent.ThreadPoolExecutor$Worker.run(ThreadPoolExecutor.java:624)
at java.lang.Thread.run(Thread.java:748)
]]>
    </error>
  </testcase> <!-- Testcase -->
</testsuite> <!-- SeleniumInterviewQuestions.TimeOuts -->
