<?xml version="1.0" encoding="UTF-8"?>
<!-- Generated by org.testng.reporters.JUnitReportReporter -->
<testsuite skipped="0" hostname="Vigneshs-MacBook-Air-3.local" name="JavaConcepts.ReturnTypes" tests="1" failures="0" timestamp="2020-09-15T20:13:30 IST" time="0.016" errors="0">
  <testcase name="CollectAmountAndGiveItToMe" time="0.016" classname="JavaConcepts.ReturnTypes"/>
</testsuite> <!-- JavaConcepts.ReturnTypes -->
