<?xml version="1.0" encoding="UTF-8"?>
<!-- Generated by org.testng.reporters.JUnitReportReporter -->
<testsuite skipped="0" hostname="Vigneshs-MacBook-Air-3.local" name="testNG.PriorityTestCase" tests="5" failures="0" timestamp="2020-09-21T11:06:17 IST" time="0.090" errors="0">
  <testcase name="putSecondGear" time="0.083" classname="testNG.PriorityTestCase"/>
  <testcase name="startTheCar" time="0.002" classname="testNG.PriorityTestCase"/>
  <testcase name="putFirstGear" time="0.002" classname="testNG.PriorityTestCase"/>
  <testcase name="putThirdGear" time="0.001" classname="testNG.PriorityTestCase"/>
  <testcase name="putFourthGear" time="0.002" classname="testNG.PriorityTestCase"/>
</testsuite> <!-- testNG.PriorityTestCase -->
