<?xml version="1.0" encoding="UTF-8"?>
<!-- Generated by org.testng.reporters.JUnitReportReporter -->
<testsuite skipped="0" hostname="Vigneshs-MacBook-Air-3.local" name="testNG.TestNGAnnotaionsExecutionOrder" tests="2" failures="0" timestamp="2020-09-21T11:13:09 IST" time="0.018" errors="0">
  <testcase name="Name" time="0.014" classname="testNG.TestNGAnnotaionsExecutionOrder"/>
  <testcase name="Name1" time="0.004" classname="testNG.TestNGAnnotaionsExecutionOrder"/>
</testsuite> <!-- testNG.TestNGAnnotaionsExecutionOrder -->
