<?xml version="1.0" encoding="UTF-8"?>
<!-- Generated by org.testng.reporters.JUnitReportReporter -->
<testsuite skipped="0" hostname="Vigneshs-MacBook-Air-3.local" name="testNG.SuiteExample" tests="3" failures="0" timestamp="2020-09-14T22:42:24 IST" time="7.390" errors="0">
  <testcase name="openFacebook" time="3.669" classname="testNG.SuiteExample"/>
  <testcase name="openGoogle" time="2.380" classname="testNG.SuiteExample"/>
  <testcase name="openBing" time="1.341" classname="testNG.SuiteExample"/>
</testsuite> <!-- testNG.SuiteExample -->
