<?xml version="1.0" encoding="UTF-8"?>
<!-- Generated by org.testng.reporters.JUnitReportReporter -->
<testsuite skipped="0" hostname="Vigneshs-MacBook-Air-3.local" name="testNG.TestNGTestCase" tests="1" failures="0" timestamp="2020-09-21T11:10:51 IST" time="0.072" errors="0">
  <testcase name="firstTestCase" time="0.072" classname="testNG.TestNGTestCase"/>
</testsuite> <!-- testNG.TestNGTestCase -->
