<?xml version="1.0" encoding="UTF-8"?>
<!-- Generated by org.testng.reporters.JUnitReportReporter -->
<testsuite skipped="0" hostname="Vigneshs-MacBook-Air-3.local" name="SeleniumInterviewQuestions.RunningTestCaseMultipleTimes" tests="5" failures="0" timestamp="2020-09-15T19:38:46 IST" time="0.025" errors="0">
  <testcase name="f" time="0.015" classname="SeleniumInterviewQuestions.RunningTestCaseMultipleTimes"/>
  <testcase name="f" time="0.004" classname="SeleniumInterviewQuestions.RunningTestCaseMultipleTimes"/>
  <testcase name="f" time="0.002" classname="SeleniumInterviewQuestions.RunningTestCaseMultipleTimes"/>
  <testcase name="f" time="0.002" classname="SeleniumInterviewQuestions.RunningTestCaseMultipleTimes"/>
  <testcase name="f" time="0.002" classname="SeleniumInterviewQuestions.RunningTestCaseMultipleTimes"/>
</testsuite> <!-- SeleniumInterviewQuestions.RunningTestCaseMultipleTimes -->
