<?xml version="1.0" encoding="UTF-8"?>
<!-- Generated by org.testng.reporters.JUnitReportReporter -->
<testsuite skipped="0" hostname="Vigneshs-MacBook-Air-3.local" name="testNG.Parameterization" tests="1" failures="0" timestamp="2020-09-14T23:09:30 IST" time="0.060" errors="0">
  <testcase name="printName" time="0.060" classname="testNG.Parameterization"/>
</testsuite> <!-- testNG.Parameterization -->
