<?xml version="1.0" encoding="UTF-8"?>
<!-- Generated by org.testng.reporters.JUnitReportReporter -->
<testsuite skipped="0" hostname="Vigneshs-MacBook-Air-3.local" name="SeleniumInterviewQuestions.TestNGAnnotations" tests="3" failures="0" timestamp="2020-09-15T19:35:19 IST" time="0.031" errors="0">
  <testcase name="f1" time="0.011" classname="SeleniumInterviewQuestions.TestNGAnnotations"/>
  <testcase name="f" time="0.014" classname="SeleniumInterviewQuestions.TestNGAnnotations"/>
  <testcase name="f" time="0.006" classname="SeleniumInterviewQuestions.TestNGAnnotations"/>
</testsuite> <!-- SeleniumInterviewQuestions.TestNGAnnotations -->
