<?xml version="1.0" encoding="UTF-8"?>
<!-- Generated by org.testng.reporters.JUnitReportReporter -->
<testsuite skipped="0" hostname="Vigneshs-MacBook-Air-3.local" name="SeleniumInterviewQuestions.ExceptionsInTestNG" tests="1" failures="0" timestamp="2020-09-21T09:42:12 IST" time="2.071" errors="0">
  <testcase name="Testcase" time="2.071" classname="SeleniumInterviewQuestions.ExceptionsInTestNG"/>
</testsuite> <!-- SeleniumInterviewQuestions.ExceptionsInTestNG -->
