<?xml version="1.0" encoding="UTF-8"?>
<!-- Generated by org.testng.reporters.JUnitReportReporter -->
<testsuite skipped="1" hostname="Vigneshs-MacBook-Air-3.local" name="testNG.EnabledSkipTestCase$PriorityTestCase" tests="6" failures="0" timestamp="2020-09-14T22:27:57 IST" time="0.026" errors="0">
  <testcase name="putSecondGear" time="0.016" classname="testNG.EnabledSkipTestCase$PriorityTestCase"/>
  <testcase name="startTheCar" time="0.005" classname="testNG.EnabledSkipTestCase$PriorityTestCase"/>
  <testcase name="putFirstGear" time="0.002" classname="testNG.EnabledSkipTestCase$PriorityTestCase"/>
  <testcase name="putThirdGear" time="0.001" classname="testNG.EnabledSkipTestCase$PriorityTestCase"/>
  <testcase name="putFourthGear" time="0.002" classname="testNG.EnabledSkipTestCase$PriorityTestCase"/>
  <testcase name="musicTurnedON" classname="testNG.EnabledSkipTestCase$PriorityTestCase">
    <skipped/>
  </testcase> <!-- musicTurnedON -->
</testsuite> <!-- testNG.EnabledSkipTestCase$PriorityTestCase -->
