<?xml version="1.0" encoding="UTF-8"?>
<!-- Generated by org.testng.reporters.JUnitReportReporter -->
<testsuite skipped="0" hostname="Vigneshs-MacBook-Air-3.local" name="testNG.DriveACar" tests="5" failures="0" timestamp="2020-09-14T21:37:47 IST" time="0.061" errors="0">
  <testcase name="putFirstGear" time="0.015" classname="testNG.DriveACar"/>
  <testcase name="putThirdGear" time="0.002" classname="testNG.DriveACar"/>
  <testcase name="putFourthGear" time="0.010" classname="testNG.DriveACar"/>
  <testcase name="putSecondGear" time="0.011" classname="testNG.DriveACar"/>
  <testcase name="startTheCar" time="0.023" classname="testNG.DriveACar"/>
</testsuite> <!-- testNG.DriveACar -->
