<?xml version="1.0" encoding="UTF-8"?>
<!-- Generated by org.testng.reporters.JUnitReportReporter -->
<testsuite skipped="0" hostname="Vigneshs-MacBook-Air-3.local" name="testNG.Grouping" tests="4" failures="0" timestamp="2020-09-14T22:58:58 IST" time="0.024" errors="0">
  <testcase name="MotoE" time="0.015" classname="testNG.Grouping"/>
  <testcase name="vivo1" time="0.004" classname="testNG.Grouping"/>
  <testcase name="vivo2" time="0.001" classname="testNG.Grouping"/>
  <testcase name="MotoG" time="0.004" classname="testNG.Grouping"/>
</testsuite> <!-- testNG.Grouping -->
