<?xml version="1.0" encoding="UTF-8"?>
<!-- Generated by org.testng.reporters.JUnitReportReporter -->
<testsuite skipped="0" hostname="Vigneshs-MacBook-Air-3.local" name="testNG.Assertions" tests="1" failures="0" timestamp="2020-09-14T23:35:52 IST" time="0.040" errors="0">
  <testcase name="name" time="0.040" classname="testNG.Assertions"/>
</testsuite> <!-- testNG.Assertions -->
