<?xml version="1.0" encoding="UTF-8"?>
<!-- Generated by org.testng.reporters.JUnitReportReporter -->
<testsuite skipped="0" hostname="Vigneshs-MacBook-Air-3.local" name="testNG.ParallelTesting" tests="2" failures="0" timestamp="2020-09-14T23:26:37 IST" time="14.897" errors="0">
  <testcase name="openBing" time="5.756" classname="testNG.ParallelTesting"/>
  <testcase name="openGoogle" time="9.141" classname="testNG.ParallelTesting"/>
</testsuite> <!-- testNG.ParallelTesting -->
